<?xml version="1.0" encoding="UTF-8"?>
<testsuite name="com.cwahler.mpluscalc.ApplicationTests" tests="1" skipped="0" failures="0" errors="0" timestamp="2021-08-31T18:17:07" hostname="CARL-DESKTOP" time="0.119">
  <properties/>
  <testcase name="contextLoads()" classname="com.cwahler.mpluscalc.ApplicationTests" time="0.119"/>
  <system-out><![CDATA[14:17:05.051 [Test worker] DEBUG org.springframework.test.context.BootstrapUtils - Instantiating CacheAwareContextLoaderDelegate from class [org.springframework.test.context.cache.DefaultCacheAwareContextLoaderDelegate]
14:17:05.061 [Test worker] DEBUG org.springframework.test.context.BootstrapUtils - Instantiating BootstrapContext using constructor [public org.springframework.test.context.support.DefaultBootstrapContext(java.lang.Class,org.springframework.test.context.CacheAwareContextLoaderDelegate)]
14:17:05.086 [Test worker] DEBUG org.springframework.test.context.BootstrapUtils - Instantiating TestContextBootstrapper for test class [com.cwahler.mpluscalc.ApplicationTests] from class [org.springframework.boot.test.context.SpringBootTestContextBootstrapper]
14:17:05.093 [Test worker] INFO org.springframework.boot.test.context.SpringBootTestContextBootstrapper - Neither @ContextConfiguration nor @ContextHierarchy found for test class [com.cwahler.mpluscalc.ApplicationTests], using SpringBootContextLoader
14:17:05.096 [Test worker] DEBUG org.springframework.test.context.support.AbstractContextLoader - Did not detect default resource location for test class [com.cwahler.mpluscalc.ApplicationTests]: class path resource [com/cwahler/mpluscalc/ApplicationTests-context.xml] does not exist
14:17:05.097 [Test worker] DEBUG org.springframework.test.context.support.AbstractContextLoader - Did not detect default resource location for test class [com.cwahler.mpluscalc.ApplicationTests]: class path resource [com/cwahler/mpluscalc/ApplicationTestsContext.groovy] does not exist
14:17:05.097 [Test worker] INFO org.springframework.test.context.support.AbstractContextLoader - Could not detect default resource locations for test class [com.cwahler.mpluscalc.ApplicationTests]: no resource found for suffixes {-context.xml, Context.groovy}.
14:17:05.097 [Test worker] INFO org.springframework.test.context.support.AnnotationConfigContextLoaderUtils - Could not detect default configuration classes for test class [com.cwahler.mpluscalc.ApplicationTests]: ApplicationTests does not declare any static, non-private, non-final, nested classes annotated with @Configuration.
14:17:05.124 [Test worker] DEBUG org.springframework.test.context.support.ActiveProfilesUtils - Could not find an 'annotation declaring class' for annotation type [org.springframework.test.context.ActiveProfiles] and class [com.cwahler.mpluscalc.ApplicationTests]
14:17:05.172 [Test worker] DEBUG org.springframework.context.annotation.ClassPathScanningCandidateComponentProvider - Identified candidate component class: file [C:\Users\silen\Documents\Webapps\Github\MythicPlusCalculator\build\classes\java\main\com\cwahler\Application.class]
14:17:05.174 [Test worker] INFO org.springframework.boot.test.context.SpringBootTestContextBootstrapper - Found @SpringBootConfiguration com.cwahler.Application for test class com.cwahler.mpluscalc.ApplicationTests
14:17:05.244 [Test worker] DEBUG org.springframework.boot.test.context.SpringBootTestContextBootstrapper - @TestExecutionListeners is not present for class [com.cwahler.mpluscalc.ApplicationTests]: using defaults.
14:17:05.244 [Test worker] INFO org.springframework.boot.test.context.SpringBootTestContextBootstrapper - Loaded default TestExecutionListener class names from location [META-INF/spring.factories]: [org.springframework.boot.test.autoconfigure.restdocs.RestDocsTestExecutionListener, org.springframework.boot.test.autoconfigure.web.client.MockRestServiceServerResetTestExecutionListener, org.springframework.boot.test.autoconfigure.web.servlet.MockMvcPrintOnlyOnFailureTestExecutionListener, org.springframework.boot.test.autoconfigure.web.servlet.WebDriverTestExecutionListener, org.springframework.boot.test.autoconfigure.webservices.client.MockWebServiceServerTestExecutionListener, org.springframework.boot.test.mock.mockito.MockitoTestExecutionListener, org.springframework.boot.test.mock.mockito.ResetMocksTestExecutionListener, org.springframework.test.context.web.ServletTestExecutionListener, org.springframework.test.context.support.DirtiesContextBeforeModesTestExecutionListener, org.springframework.test.context.event.ApplicationEventsTestExecutionListener, org.springframework.test.context.support.DependencyInjectionTestExecutionListener, org.springframework.test.context.support.DirtiesContextTestExecutionListener, org.springframework.test.context.transaction.TransactionalTestExecutionListener, org.springframework.test.context.jdbc.SqlScriptsTestExecutionListener, org.springframework.test.context.event.EventPublishingTestExecutionListener]
14:17:05.256 [Test worker] INFO org.springframework.boot.test.context.SpringBootTestContextBootstrapper - Using TestExecutionListeners: [org.springframework.test.context.web.ServletTestExecutionListener@82167d1, org.springframework.test.context.support.DirtiesContextBeforeModesTestExecutionListener@3ae9eb8, org.springframework.test.context.event.ApplicationEventsTestExecutionListener@eb51ed1, org.springframework.boot.test.mock.mockito.MockitoTestExecutionListener@3201ecd4, org.springframework.boot.test.autoconfigure.SpringBootDependencyInjectionTestExecutionListener@311d1aaa, org.springframework.test.context.support.DirtiesContextTestExecutionListener@46b1196f, org.springframework.test.context.transaction.TransactionalTestExecutionListener@60d4d4fe, org.springframework.test.context.jdbc.SqlScriptsTestExecutionListener@5d8ee37c, org.springframework.test.context.event.EventPublishingTestExecutionListener@49f7a2d, org.springframework.boot.test.autoconfigure.restdocs.RestDocsTestExecutionListener@4aab61b0, org.springframework.boot.test.autoconfigure.web.client.MockRestServiceServerResetTestExecutionListener@c9e3f3f, org.springframework.boot.test.autoconfigure.web.servlet.MockMvcPrintOnlyOnFailureTestExecutionListener@26a1a8d3, org.springframework.boot.test.autoconfigure.web.servlet.WebDriverTestExecutionListener@5910e038, org.springframework.boot.test.autoconfigure.webservices.client.MockWebServiceServerTestExecutionListener@48a7ac4b, org.springframework.boot.test.mock.mockito.ResetMocksTestExecutionListener@353d05a7]
14:17:05.259 [Test worker] DEBUG org.springframework.test.context.support.AbstractDirtiesContextTestExecutionListener - Before test class: context [DefaultTestContext@725c95ac testClass = ApplicationTests, testInstance = [null], testMethod = [null], testException = [null], mergedContextConfiguration = [WebMergedContextConfiguration@48877f94 testClass = ApplicationTests, locations = '{}', classes = '{class com.cwahler.Application}', contextInitializerClasses = '[]', activeProfiles = '{}', propertySourceLocations = '{}', propertySourceProperties = '{org.springframework.boot.test.context.SpringBootTestContextBootstrapper=true}', contextCustomizers = set[org.springframework.boot.test.autoconfigure.actuate.metrics.MetricsExportContextCustomizerFactory$DisableMetricExportContextCustomizer@270f2700, org.springframework.boot.test.autoconfigure.properties.PropertyMappingContextCustomizer@0, org.springframework.boot.test.autoconfigure.web.servlet.WebDriverContextCustomizerFactory$Customizer@3182045d, org.springframework.boot.test.context.filter.ExcludeFilterContextCustomizer@4987c43d, org.springframework.boot.test.json.DuplicateJsonObjectContextCustomizerFactory$DuplicateJsonObjectContextCustomizer@681c3003, org.springframework.boot.test.mock.mockito.MockitoContextCustomizer@0, org.springframework.boot.test.web.client.TestRestTemplateContextCustomizer@5c1a1c45, org.springframework.boot.test.context.SpringBootTestArgs@1, org.springframework.boot.test.context.SpringBootTestWebEnvironment@13ad5edf], resourceBasePath = 'src/main/webapp', contextLoader = 'org.springframework.boot.test.context.SpringBootContextLoader', parent = [null]], attributes = map['org.springframework.test.context.web.ServletTestExecutionListener.activateListener' -> true]], class annotated with @DirtiesContext [false] with mode [null].
14:17:05.281 [Test worker] DEBUG org.springframework.test.context.support.TestPropertySourceUtils - Adding inlined properties to environment: {spring.jmx.enabled=false, org.springframework.boot.test.context.SpringBootTestContextBootstrapper=true}

  .   ____          _            __ _ _
 /\\ / ___'_ __ _ _(_)_ __  __ _ \ \ \ \
( ( )\___ | '_ | '_| | '_ \/ _` | \ \ \ \
 \\/  ___)| |_)| | | | | || (_| |  ) ) ) )
  '  |____| .__|_| |_|_| |_\__, | / / / /
 =========|_|==============|___/=/_/_/_/
 :: Spring Boot ::                (v2.5.4)

2021-08-31 14:17:05.457  INFO 22048 --- [    Test worker] com.cwahler.mpluscalc.ApplicationTests   : Starting ApplicationTests using Java 16.0.1 on Carl-Desktop with PID 22048 (started by silen in C:\Users\silen\Documents\Webapps\Github\MythicPlusCalculator)
2021-08-31 14:17:05.459  INFO 22048 --- [    Test worker] com.cwahler.mpluscalc.ApplicationTests   : No active profile set, falling back to default profiles: default
2021-08-31 14:17:05.892  INFO 22048 --- [    Test worker] .s.d.r.c.RepositoryConfigurationDelegate : Bootstrapping Spring Data JPA repositories in DEFAULT mode.
2021-08-31 14:17:05.931  INFO 22048 --- [    Test worker] .s.d.r.c.RepositoryConfigurationDelegate : Finished Spring Data repository scanning in 34 ms. Found 1 JPA repository interfaces.
2021-08-31 14:17:06.291  INFO 22048 --- [    Test worker] com.zaxxer.hikari.HikariDataSource       : HikariPool-1 - Starting...
2021-08-31 14:17:06.407  INFO 22048 --- [    Test worker] com.zaxxer.hikari.HikariDataSource       : HikariPool-1 - Start completed.
2021-08-31 14:17:06.459  INFO 22048 --- [    Test worker] o.hibernate.jpa.internal.util.LogHelper  : HHH000204: Processing PersistenceUnitInfo [name: default]
2021-08-31 14:17:06.506  INFO 22048 --- [    Test worker] org.hibernate.Version                    : HHH000412: Hibernate ORM core version 5.4.32.Final
2021-08-31 14:17:06.621  INFO 22048 --- [    Test worker] o.hibernate.annotations.common.Version   : HCANN000001: Hibernate Commons Annotations {5.1.2.Final}
2021-08-31 14:17:06.724  INFO 22048 --- [    Test worker] org.hibernate.dialect.Dialect            : HHH000400: Using dialect: org.hibernate.dialect.H2Dialect
2021-08-31 14:17:07.133  INFO 22048 --- [    Test worker] o.h.e.t.j.p.i.JtaPlatformInitiator       : HHH000490: Using JtaPlatform implementation: [org.hibernate.engine.transaction.jta.platform.internal.NoJtaPlatform]
2021-08-31 14:17:07.139  INFO 22048 --- [    Test worker] j.LocalContainerEntityManagerFactoryBean : Initialized JPA EntityManagerFactory for persistence unit 'default'
2021-08-31 14:17:07.579  WARN 22048 --- [    Test worker] JpaBaseConfiguration$JpaWebConfiguration : spring.jpa.open-in-view is enabled by default. Therefore, database queries may be performed during view rendering. Explicitly configure spring.jpa.open-in-view to disable this warning
2021-08-31 14:17:07.984  INFO 22048 --- [    Test worker] com.cwahler.mpluscalc.ApplicationTests   : Started ApplicationTests in 2.697 seconds (JVM running for 3.535)
]]></system-out>
  <system-err><![CDATA[]]></system-err>
</testsuite>
